  main.cpp
D:\Yo\Universidad\Eramus\02_Intersect\main.cpp(49,20): warning C4244: 'inicializando': conversión de 'double' a 'float'; posible pérdida de datos
D:\Yo\Universidad\Eramus\02_Intersect\main.cpp(50,20): warning C4244: 'inicializando': conversión de 'double' a 'float'; posible pérdida de datos
D:\Yo\Universidad\Eramus\02_Intersect\main.cpp(51,20): warning C4244: 'inicializando': conversión de 'double' a 'float'; posible pérdida de datos
D:\Yo\Universidad\Eramus\02_Intersect\main.cpp(53,20): warning C4244: 'inicializando': conversión de 'double' a 'float'; posible pérdida de datos
D:\Yo\Universidad\Eramus\02_Intersect\main.cpp(54,20): warning C4244: 'inicializando': conversión de 'double' a 'float'; posible pérdida de datos
D:\Yo\Universidad\Eramus\02_Intersect\main.cpp(55,20): warning C4244: 'inicializando': conversión de 'double' a 'float'; posible pérdida de datos
utils.lib(glew.obj) : warning LNK4099: no se encontró PDB 'vc120.pdb' con 'utils.lib(glew.obj)' o en 'D:\Yo\Universidad\Eramus\02_Intersect\VS\bin\x64-Debug\vc120.pdb'; se vinculará el objeto sin tener en cuenta información de depuración
     Creando biblioteca D:\Yo\Universidad\Eramus\02_Intersect\VS\bin\x64-Debug\Intersect.lib y objeto D:\Yo\Universidad\Eramus\02_Intersect\VS\bin\x64-Debug\Intersect.exp
LINK : warning LNK4098: la biblioteca predeterminada'LIBCMT' entra en conflicto con otras bibliotecas; use la biblioteca /NODEFAULTLIB:biblioteca
LINK : warning LNK4098: la biblioteca predeterminada'MSVCRT' entra en conflicto con otras bibliotecas; use la biblioteca /NODEFAULTLIB:biblioteca
  Intersect.vcxproj -> D:\Yo\Universidad\Eramus\02_Intersect\VS\bin\x64-Debug\Intersect.exe
  No se encuentra el archivo: *.bmp
  0 archivo(s) copiado(s)
  No se encuentra el archivo: *.glsl
  0 archivo(s) copiado(s)
  No se encuentra el archivo: *.bmp
  0 archivo(s) copiado(s)
  No se encuentra el archivo: *.glsl
  0 archivo(s) copiado(s)
